<?xml version="1.0" encoding="UTF-8"?>
<testsuite xmlns:xsi="http://www.w3.org/2001/XMLSchema-instance" xsi:noNamespaceSchemaLocation="https://maven.apache.org/surefire/maven-surefire-plugin/xsd/surefire-test-report-3.0.xsd" version="3.0" name="com.habit.server.repository.UserRepositoryTest" time="0.056" tests="5" errors="0" skipped="0" failures="0">
  <properties>
[...]
</properties>
  <testcase name="testReplaceOnSave" classname="com.habit.server.repository.UserRepositoryTest" time="0.015"/>
  <testcase name="testUpdateSabotagePoints" classname="com.habit.server.repository.UserRepositoryTest" time="0.013"/>
  <testcase name="testFindByUsername" classname="com.habit.server.repository.UserRepositoryTest" time="0.01"/>
  <testcase name="testNonexistentReturnsNull" classname="com.habit.server.repository.UserRepositoryTest" time="0.007"/>
  <testcase name="testSaveAndFindById" classname="com.habit.server.repository.UserRepositoryTest" time="0.009"/>
</testsuite>